2023-07-30 16:22:13,624 CRIT Supervisor is running as root.  Privileges were not dropped because no user is specified in the config file.  If you intend to run as root, you can set user=root in the config file to avoid this message.
2023-07-30 16:22:13,638 INFO supervisord started with pid 1
2023-07-30 16:22:14,650 INFO spawned: 'nginx' with pid 7
2023-07-30 16:22:14,653 INFO spawned: 'php-fpm' with pid 8
2023-07-30 16:22:15,767 INFO success: nginx entered RUNNING state, process has stayed up for > than 1 seconds (startsecs)
2023-07-30 16:22:15,769 INFO success: php-fpm entered RUNNING state, process has stayed up for > than 1 seconds (startsecs)
2023-07-30 16:26:07,281 WARN received SIGQUIT indicating exit request
2023-07-30 16:26:07,291 INFO waiting for nginx, php-fpm to die
2023-07-30 16:26:07,352 INFO stopped: php-fpm (exit status 0)
2023-07-30 16:26:07,385 INFO stopped: nginx (exit status 0)
2023-07-30 16:26:15,957 CRIT Supervisor is running as root.  Privileges were not dropped because no user is specified in the config file.  If you intend to run as root, you can set user=root in the config file to avoid this message.
2023-07-30 16:26:15,967 INFO supervisord started with pid 1
2023-07-30 16:26:16,971 INFO spawned: 'nginx' with pid 7
2023-07-30 16:26:16,974 INFO spawned: 'php-fpm' with pid 8
2023-07-30 16:26:18,069 INFO success: nginx entered RUNNING state, process has stayed up for > than 1 seconds (startsecs)
2023-07-30 16:26:18,070 INFO success: php-fpm entered RUNNING state, process has stayed up for > than 1 seconds (startsecs)
2023-07-30 16:29:53,916 WARN received SIGQUIT indicating exit request
2023-07-30 16:29:53,931 INFO waiting for nginx, php-fpm to die
2023-07-30 16:29:54,947 INFO stopped: php-fpm (exit status 0)
2023-07-30 16:29:54,980 INFO stopped: nginx (exit status 0)
2023-07-30 16:30:03,214 CRIT Supervisor is running as root.  Privileges were not dropped because no user is specified in the config file.  If you intend to run as root, you can set user=root in the config file to avoid this message.
2023-07-30 16:30:03,246 INFO supervisord started with pid 1
2023-07-30 16:30:04,254 INFO spawned: 'nginx' with pid 7
2023-07-30 16:30:04,256 INFO spawned: 'php-fpm' with pid 8
2023-07-30 16:30:05,332 INFO success: nginx entered RUNNING state, process has stayed up for > than 1 seconds (startsecs)
2023-07-30 16:30:05,333 INFO success: php-fpm entered RUNNING state, process has stayed up for > than 1 seconds (startsecs)
2023-07-30 16:32:02,091 WARN received SIGQUIT indicating exit request
2023-07-30 16:32:02,092 INFO waiting for nginx, php-fpm to die
2023-07-30 16:32:02,099 INFO stopped: php-fpm (exit status 0)
2023-07-30 16:32:02,104 INFO stopped: nginx (exit status 0)
2023-07-30 16:32:07,831 CRIT Supervisor is running as root.  Privileges were not dropped because no user is specified in the config file.  If you intend to run as root, you can set user=root in the config file to avoid this message.
2023-07-30 16:32:07,838 INFO supervisord started with pid 1
2023-07-30 16:32:08,842 INFO spawned: 'nginx' with pid 7
2023-07-30 16:32:08,844 INFO spawned: 'php-fpm' with pid 8
2023-07-30 16:32:09,875 INFO success: nginx entered RUNNING state, process has stayed up for > than 1 seconds (startsecs)
2023-07-30 16:32:09,877 INFO success: php-fpm entered RUNNING state, process has stayed up for > than 1 seconds (startsecs)
2023-07-30 16:39:52,949 WARN received SIGQUIT indicating exit request
2023-07-30 16:39:52,985 INFO waiting for nginx, php-fpm to die
2023-07-30 16:39:53,128 INFO stopped: php-fpm (exit status 0)
2023-07-30 16:39:53,174 INFO stopped: nginx (exit status 0)
2023-07-30 16:40:11,600 CRIT Supervisor is running as root.  Privileges were not dropped because no user is specified in the config file.  If you intend to run as root, you can set user=root in the config file to avoid this message.
2023-07-30 16:40:11,611 INFO supervisord started with pid 1
2023-07-30 16:40:12,615 INFO spawned: 'nginx' with pid 7
2023-07-30 16:40:12,620 INFO spawned: 'php-fpm' with pid 8
2023-07-30 16:40:13,747 INFO success: nginx entered RUNNING state, process has stayed up for > than 1 seconds (startsecs)
2023-07-30 16:40:13,748 INFO success: php-fpm entered RUNNING state, process has stayed up for > than 1 seconds (startsecs)
2023-07-30 16:40:50,762 WARN received SIGQUIT indicating exit request
2023-07-30 16:40:50,764 INFO waiting for nginx, php-fpm to die
2023-07-30 16:40:50,770 INFO stopped: php-fpm (exit status 0)
2023-07-30 16:40:50,775 INFO stopped: nginx (exit status 0)
2023-07-30 16:40:56,623 CRIT Supervisor is running as root.  Privileges were not dropped because no user is specified in the config file.  If you intend to run as root, you can set user=root in the config file to avoid this message.
2023-07-30 16:40:56,631 INFO supervisord started with pid 1
2023-07-30 16:40:57,636 INFO spawned: 'nginx' with pid 6
2023-07-30 16:40:57,638 INFO spawned: 'php-fpm' with pid 7
2023-07-30 16:40:58,676 INFO success: nginx entered RUNNING state, process has stayed up for > than 1 seconds (startsecs)
2023-07-30 16:40:58,677 INFO success: php-fpm entered RUNNING state, process has stayed up for > than 1 seconds (startsecs)
2023-07-30 16:41:57,356 WARN received SIGQUIT indicating exit request
2023-07-30 16:41:57,357 INFO waiting for nginx, php-fpm to die
2023-07-30 16:41:57,362 INFO stopped: php-fpm (exit status 0)
2023-07-30 16:41:57,365 INFO stopped: nginx (exit status 0)
